<?xml version="1.0" encoding="UTF-8"?>
<!-- Generated by org.testng.reporters.JUnitXMLReporter -->
<testsuite hostname="PREETISH" name="CromeTestCases" tests="4" failures="0" timestamp="15 Oct 2016 23:24:41 GMT" time="107.123" errors="0">
  <testcase name="testDb" time="0.026" classname="frameWork.TestApplication"/>
  <testcase name="LoginTOApp" time="9.239" classname="frameWork.TestApplication"/>
  <testcase name="Product" time="66.447" classname="frameWork.TestApplication"/>
  <testcase name="Shipping" time="4.924" classname="frameWork.TestApplication"/>
</testsuite> <!-- CromeTestCases -->
