<?xml version="1.0" encoding="UTF-8"?>
<!-- Generated by org.testng.reporters.JUnitXMLReporter -->
<testsuite hostname="PREETISH" name="firefoxTestCases" tests="4" failures="0" timestamp="17 Oct 2016 14:08:15 GMT" time="62.564" errors="0">
  <testcase name="testDb" time="0.781" classname="frameWork.TestApplication"/>
  <testcase name="LoginTOApp" time="7.513" classname="frameWork.TestApplication"/>
  <testcase name="Product" time="18.896" classname="frameWork.TestApplication"/>
  <testcase name="Shipping" time="2.3" classname="frameWork.TestApplication"/>
</testsuite> <!-- firefoxTestCases -->
