<?xml version="1.0" encoding="UTF-8"?>
<!-- Generated by org.testng.reporters.JUnitXMLReporter -->
<testsuite hostname="PREETISH" name="Test1" tests="4" failures="0" timestamp="15 Oct 2016 23:09:13 GMT" time="136.966" errors="0">
  <testcase name="testDb" time="0.035" classname="frameWork.TestApplication"/>
  <testcase name="LoginTOApp" time="9.967" classname="frameWork.TestApplication"/>
  <testcase name="Product" time="99.725" classname="frameWork.TestApplication"/>
  <testcase name="Shipping" time="0.026" classname="frameWork.TestApplication"/>
</testsuite> <!-- Test1 -->
