<?xml version="1.0" encoding="UTF-8"?>
<!-- Generated by org.testng.reporters.JUnitXMLReporter -->
<testsuite hostname="PREETISH" name="Test" tests="4" failures="0" timestamp="18 Oct 2016 23:36:14 GMT" time="36.957" errors="0">
  <testcase name="testDb" time="0.226" classname="com.org.preetish_maven.preetish_maven.TestApplication"/>
  <testcase name="LoginTOApp" time="5.122" classname="com.org.preetish_maven.preetish_maven.TestApplication"/>
  <testcase name="Product" time="11.568" classname="com.org.preetish_maven.preetish_maven.TestApplication"/>
  <testcase name="Shipping" time="1.74" classname="com.org.preetish_maven.preetish_maven.TestApplication"/>
</testsuite> <!-- Test -->
