<?xml version="1.0" encoding="UTF-8"?>
<testng-results skipped="0" failed="0" total="4" passed="4">
  <reporter-output>
  </reporter-output>
  <suite name="Default suite" duration-ms="17971" started-at="2016-10-21T09:28:33Z" finished-at="2016-10-21T09:28:51Z">
    <groups>
      <group name="product">
        <method signature="TestApplication.Product()[pri:2, instance:com.org.preetish_maven.preetish_maven.TestApplication@3d921e20]" name="Product" class="com.org.preetish_maven.preetish_maven.TestApplication"/>
      </group> <!-- product -->
      <group name="payment">
        <method signature="TestApplication.Shipping()[pri:3, instance:com.org.preetish_maven.preetish_maven.TestApplication@3d921e20]" name="Shipping" class="com.org.preetish_maven.preetish_maven.TestApplication"/>
      </group> <!-- payment -->
      <group name="Login">
        <method signature="TestApplication.LoginTOApp()[pri:1, instance:com.org.preetish_maven.preetish_maven.TestApplication@3d921e20]" name="LoginTOApp" class="com.org.preetish_maven.preetish_maven.TestApplication"/>
      </group> <!-- Login -->
    </groups>
    <test name="Default test" duration-ms="17971" started-at="2016-10-21T09:28:33Z" finished-at="2016-10-21T09:28:51Z">
      <class name="com.org.preetish_maven.preetish_maven.TestApplication">
        <test-method status="PASS" signature="setup()[pri:0, instance:com.org.preetish_maven.preetish_maven.TestApplication@3d921e20]" name="setup" is-config="true" duration-ms="529" started-at="2016-10-21T14:58:33Z" finished-at="2016-10-21T14:58:33Z">
          <reporter-output>
          </reporter-output>
        </test-method> <!-- setup -->
        <test-method status="PASS" signature="BrowserEngin()[pri:0, instance:com.org.preetish_maven.preetish_maven.TestApplication@3d921e20]" name="BrowserEngin" is-config="true" duration-ms="16294" started-at="2016-10-21T14:58:33Z" finished-at="2016-10-21T14:58:50Z">
          <reporter-output>
          </reporter-output>
        </test-method> <!-- BrowserEngin -->
        <test-method status="PASS" signature="Logconfig()[pri:0, instance:com.org.preetish_maven.preetish_maven.TestApplication@3d921e20]" name="Logconfig" is-config="true" duration-ms="47" started-at="2016-10-21T14:58:50Z" finished-at="2016-10-21T14:58:50Z">
          <reporter-output>
          </reporter-output>
        </test-method> <!-- Logconfig -->
        <test-method status="PASS" signature="testDb()[pri:0, instance:com.org.preetish_maven.preetish_maven.TestApplication@3d921e20]" name="testDb" duration-ms="281" started-at="2016-10-21T14:58:50Z" description="This will take data from database" finished-at="2016-10-21T14:58:50Z">
          <reporter-output>
          </reporter-output>
        </test-method> <!-- testDb -->
        <test-method status="PASS" signature="tearDown(org.testng.ITestResult)[pri:0, instance:com.org.preetish_maven.preetish_maven.TestApplication@3d921e20]" name="tearDown" is-config="true" duration-ms="470" started-at="2016-10-21T14:58:50Z" finished-at="2016-10-21T14:58:50Z">
          <params>
            <param index="0">
              <value>
                <![CDATA[[TestResult name=testDb status=SUCCESS method=TestApplication.testDb()[pri:0, instance:com.org.preetish_maven.preetish_maven.TestApplication@3d921e20] output={null}]]]>
              </value>
            </param>
          </params>
          <reporter-output>
          </reporter-output>
        </test-method> <!-- tearDown -->
        <test-method status="PASS" signature="Logconfig()[pri:0, instance:com.org.preetish_maven.preetish_maven.TestApplication@3d921e20]" name="Logconfig" is-config="true" duration-ms="125" started-at="2016-10-21T14:58:50Z" finished-at="2016-10-21T14:58:51Z">
          <reporter-output>
          </reporter-output>
        </test-method> <!-- Logconfig -->
        <test-method status="PASS" signature="LoginTOApp()[pri:1, instance:com.org.preetish_maven.preetish_maven.TestApplication@3d921e20]" name="LoginTOApp" duration-ms="41" started-at="2016-10-21T14:58:51Z" description="This wil login to app" depends-on-methods="com.org.preetish_maven.preetish_maven.TestApplication.testDb" finished-at="2016-10-21T14:58:51Z">
          <reporter-output>
          </reporter-output>
        </test-method> <!-- LoginTOApp -->
        <test-method status="PASS" signature="tearDown(org.testng.ITestResult)[pri:0, instance:com.org.preetish_maven.preetish_maven.TestApplication@3d921e20]" name="tearDown" is-config="true" duration-ms="272" started-at="2016-10-21T14:58:51Z" finished-at="2016-10-21T14:58:51Z">
          <params>
            <param index="0">
              <value>
                <![CDATA[[TestResult name=LoginTOApp status=SUCCESS method=TestApplication.LoginTOApp()[pri:1, instance:com.org.preetish_maven.preetish_maven.TestApplication@3d921e20] output={null}]]]>
              </value>
            </param>
          </params>
          <reporter-output>
          </reporter-output>
        </test-method> <!-- tearDown -->
        <test-method status="PASS" signature="Logconfig()[pri:0, instance:com.org.preetish_maven.preetish_maven.TestApplication@3d921e20]" name="Logconfig" is-config="true" duration-ms="62" started-at="2016-10-21T14:58:51Z" finished-at="2016-10-21T14:58:51Z">
          <reporter-output>
          </reporter-output>
        </test-method> <!-- Logconfig -->
        <test-method status="PASS" signature="Product()[pri:2, instance:com.org.preetish_maven.preetish_maven.TestApplication@3d921e20]" name="Product" duration-ms="12" started-at="2016-10-21T14:58:51Z" description="this will select the product and click on checkout" depends-on-methods="com.org.preetish_maven.preetish_maven.TestApplication.LoginTOApp" finished-at="2016-10-21T14:58:51Z">
          <reporter-output>
          </reporter-output>
        </test-method> <!-- Product -->
        <test-method status="PASS" signature="tearDown(org.testng.ITestResult)[pri:0, instance:com.org.preetish_maven.preetish_maven.TestApplication@3d921e20]" name="tearDown" is-config="true" duration-ms="67" started-at="2016-10-21T14:58:51Z" finished-at="2016-10-21T14:58:51Z">
          <params>
            <param index="0">
              <value>
                <![CDATA[[TestResult name=Product status=SUCCESS method=TestApplication.Product()[pri:2, instance:com.org.preetish_maven.preetish_maven.TestApplication@3d921e20] output={null}]]]>
              </value>
            </param>
          </params>
          <reporter-output>
          </reporter-output>
        </test-method> <!-- tearDown -->
        <test-method status="PASS" signature="Logconfig()[pri:0, instance:com.org.preetish_maven.preetish_maven.TestApplication@3d921e20]" name="Logconfig" is-config="true" duration-ms="60" started-at="2016-10-21T14:58:51Z" finished-at="2016-10-21T14:58:51Z">
          <reporter-output>
          </reporter-output>
        </test-method> <!-- Logconfig -->
        <test-method status="PASS" signature="Shipping()[pri:3, instance:com.org.preetish_maven.preetish_maven.TestApplication@3d921e20]" name="Shipping" duration-ms="5" started-at="2016-10-21T14:58:51Z" description="this wil perfrom shipping details" depends-on-methods="com.org.preetish_maven.preetish_maven.TestApplication.Product" finished-at="2016-10-21T14:58:51Z">
          <reporter-output>
          </reporter-output>
        </test-method> <!-- Shipping -->
        <test-method status="PASS" signature="tearDown(org.testng.ITestResult)[pri:0, instance:com.org.preetish_maven.preetish_maven.TestApplication@3d921e20]" name="tearDown" is-config="true" duration-ms="75" started-at="2016-10-21T14:58:51Z" finished-at="2016-10-21T14:58:51Z">
          <params>
            <param index="0">
              <value>
                <![CDATA[[TestResult name=Shipping status=SUCCESS method=TestApplication.Shipping()[pri:3, instance:com.org.preetish_maven.preetish_maven.TestApplication@3d921e20] output={null}]]]>
              </value>
            </param>
          </params>
          <reporter-output>
          </reporter-output>
        </test-method> <!-- tearDown -->
        <test-method status="FAIL" signature="tearDown()[pri:0, instance:com.org.preetish_maven.preetish_maven.TestApplication@3d921e20]" name="tearDown" is-config="true" duration-ms="0" started-at="2016-10-21T14:58:51Z" finished-at="2016-10-21T14:58:51Z">
          <exception class="java.lang.NullPointerException">
            <full-stacktrace>
              <![CDATA[java.lang.NullPointerException
	at com.org.preetish_maven.preetish_maven.TestApplication.tearDown(TestApplication.java:202)
	at sun.reflect.NativeMethodAccessorImpl.invoke0(Native Method)
	at sun.reflect.NativeMethodAccessorImpl.invoke(NativeMethodAccessorImpl.java:62)
	at sun.reflect.DelegatingMethodAccessorImpl.invoke(DelegatingMethodAccessorImpl.java:43)
	at java.lang.reflect.Method.invoke(Method.java:498)
	at org.testng.internal.MethodInvocationHelper.invokeMethod(MethodInvocationHelper.java:85)
	at org.testng.internal.Invoker.invokeConfigurationMethod(Invoker.java:510)
	at org.testng.internal.Invoker.invokeConfigurations(Invoker.java:211)
	at org.testng.internal.Invoker.invokeConfigurations(Invoker.java:138)
	at org.testng.internal.TestMethodWorker.invokeAfterClassMethods(TestMethodWorker.java:220)
	at org.testng.internal.TestMethodWorker.run(TestMethodWorker.java:111)
	at org.testng.TestRunner.privateRun(TestRunner.java:774)
	at org.testng.TestRunner.run(TestRunner.java:624)
	at org.testng.SuiteRunner.runTest(SuiteRunner.java:359)
	at org.testng.SuiteRunner.runSequentially(SuiteRunner.java:354)
	at org.testng.SuiteRunner.privateRun(SuiteRunner.java:312)
	at org.testng.SuiteRunner.run(SuiteRunner.java:261)
	at org.testng.SuiteRunnerWorker.runSuite(SuiteRunnerWorker.java:52)
	at org.testng.SuiteRunnerWorker.run(SuiteRunnerWorker.java:86)
	at org.testng.TestNG.runSuitesSequentially(TestNG.java:1215)
	at org.testng.TestNG.runSuitesLocally(TestNG.java:1140)
	at org.testng.TestNG.run(TestNG.java:1048)
	at org.testng.remote.AbstractRemoteTestNG.run(AbstractRemoteTestNG.java:126)
	at org.testng.remote.RemoteTestNG.initAndRun(RemoteTestNG.java:152)
	at org.testng.remote.RemoteTestNG.main(RemoteTestNG.java:57)
]]>
            </full-stacktrace>
          </exception> <!-- java.lang.NullPointerException -->
          <reporter-output>
          </reporter-output>
        </test-method> <!-- tearDown -->
      </class> <!-- com.org.preetish_maven.preetish_maven.TestApplication -->
    </test> <!-- Default test -->
  </suite> <!-- Default suite -->
</testng-results>
